build/app/intermediates/manifest_merge_blame_file/release/manifest-merger-blame-release-report.txt
1<?xml version="1.0" encoding="utf-8"?>
2<manifest xmlns:android="http://schemas.android.com/apk/res/android"
3    package="com.pengenalanprofesi.app"
4    android:versionCode="1"
5    android:versionName="1.0.0" >
6
7    <uses-sdk
8        android:minSdkVersion="23"
9        android:targetSdkVersion="35" />
10    <!--
11         Required to query activities that can process text, see:
12         https://developer.android.com/training/package-visibility and
13         https://developer.android.com/reference/android/content/Intent#ACTION_PROCESS_TEXT.
14
15         In particular, this is used by the Flutter engine in io.flutter.plugin.text.ProcessTextPlugin.
16    -->
17    <queries>
17-->src\main\AndroidManifest.xml:39:5-44:15
18        <intent>
18-->src\main\AndroidManifest.xml:40:9-43:18
19            <action android:name="android.intent.action.PROCESS_TEXT" />
19-->src\main\AndroidManifest.xml:41:13-72
19-->src\main\AndroidManifest.xml:41:21-70
20
21            <data android:mimeType="text/plain" />
21-->src\main\AndroidManifest.xml:42:13-50
21-->src\main\AndroidManifest.xml:42:19-48
22        </intent>
23        <intent>
23-->[:flutter_inappwebview_android] AndroidManifest.xml:8:9-10:18
24            <action android:name="android.support.customtabs.action.CustomTabsService" />
24-->[:flutter_inappwebview_android] AndroidManifest.xml:9:13-90
24-->[:flutter_inappwebview_android] AndroidManifest.xml:9:21-87
25        </intent>
26    </queries>
27
28    <uses-permission android:name="android.permission.INTERNET" />
28-->[:firebase_messaging] AndroidManifest.xml:7:5-67
28-->[:firebase_messaging] AndroidManifest.xml:7:22-64
29    <uses-permission android:name="android.permission.WAKE_LOCK" />
29-->[:firebase_messaging] AndroidManifest.xml:8:5-68
29-->[:firebase_messaging] AndroidManifest.xml:8:22-65
30    <uses-permission android:name="android.permission.ACCESS_NETWORK_STATE" /> <!-- Permissions options for the `notification` group -->
30-->[:firebase_messaging] AndroidManifest.xml:9:5-79
30-->[:firebase_messaging] AndroidManifest.xml:9:22-76
31    <uses-permission android:name="android.permission.POST_NOTIFICATIONS" /> <!-- Required by older versions of Google Play services to create IID tokens -->
31-->[:firebase_messaging] AndroidManifest.xml:11:5-77
31-->[:firebase_messaging] AndroidManifest.xml:11:22-74
32    <uses-permission android:name="com.google.android.c2dm.permission.RECEIVE" />
32-->[com.google.firebase:firebase-messaging:24.1.0] AndroidManifest.xml:26:5-82
32-->[com.google.firebase:firebase-messaging:24.1.0] AndroidManifest.xml:26:22-79
33    <uses-permission android:name="com.google.android.gms.permission.AD_ID" />
33-->[com.google.android.gms:play-services-measurement-api:22.1.2] AndroidManifest.xml:25:5-79
33-->[com.google.android.gms:play-services-measurement-api:22.1.2] AndroidManifest.xml:25:22-76
34    <uses-permission android:name="android.permission.ACCESS_ADSERVICES_ATTRIBUTION" />
34-->[com.google.android.gms:play-services-measurement-api:22.1.2] AndroidManifest.xml:26:5-88
34-->[com.google.android.gms:play-services-measurement-api:22.1.2] AndroidManifest.xml:26:22-85
35    <uses-permission android:name="android.permission.ACCESS_ADSERVICES_AD_ID" />
35-->[com.google.android.gms:play-services-measurement-api:22.1.2] AndroidManifest.xml:27:5-82
35-->[com.google.android.gms:play-services-measurement-api:22.1.2] AndroidManifest.xml:27:22-79
36    <uses-permission android:name="com.google.android.finsky.permission.BIND_GET_INSTALL_REFERRER_SERVICE" />
36-->[com.google.android.gms:play-services-measurement:22.1.2] AndroidManifest.xml:26:5-110
36-->[com.google.android.gms:play-services-measurement:22.1.2] AndroidManifest.xml:26:22-107
37    <uses-permission android:name="com.google.android.providers.gsf.permission.READ_GSERVICES" />
37-->[com.google.android.recaptcha:recaptcha:18.5.1] AndroidManifest.xml:9:5-98
37-->[com.google.android.recaptcha:recaptcha:18.5.1] AndroidManifest.xml:9:22-95
38
39    <permission
39-->[androidx.core:core:1.13.1] AndroidManifest.xml:22:5-24:47
40        android:name="com.pengenalanprofesi.app.DYNAMIC_RECEIVER_NOT_EXPORTED_PERMISSION"
40-->[androidx.core:core:1.13.1] AndroidManifest.xml:23:9-81
41        android:protectionLevel="signature" />
41-->[androidx.core:core:1.13.1] AndroidManifest.xml:24:9-44
42
43    <uses-permission android:name="com.pengenalanprofesi.app.DYNAMIC_RECEIVER_NOT_EXPORTED_PERMISSION" />
43-->[androidx.core:core:1.13.1] AndroidManifest.xml:26:5-97
43-->[androidx.core:core:1.13.1] AndroidManifest.xml:26:22-94
44
45    <application
46        android:name="android.app.Application"
46-->src\main\AndroidManifest.xml:4:9-42
47        android:appComponentFactory="androidx.core.app.CoreComponentFactory"
47-->[androidx.core:core:1.13.1] AndroidManifest.xml:28:18-86
48        android:extractNativeLibs="false"
49        android:icon="@mipmap/ic_launcher"
49-->src\main\AndroidManifest.xml:5:9-43
50        android:label="pengenalanprofesi" >
50-->src\main\AndroidManifest.xml:3:9-42
51        <activity
51-->src\main\AndroidManifest.xml:6:9-27:20
52            android:name="com.example.pengenalanprofesi.MainActivity"
52-->src\main\AndroidManifest.xml:7:13-41
53            android:configChanges="orientation|keyboardHidden|keyboard|screenSize|smallestScreenSize|locale|layoutDirection|fontScale|screenLayout|density|uiMode"
53-->src\main\AndroidManifest.xml:12:13-163
54            android:exported="true"
54-->src\main\AndroidManifest.xml:8:13-36
55            android:hardwareAccelerated="true"
55-->src\main\AndroidManifest.xml:13:13-47
56            android:launchMode="singleTop"
56-->src\main\AndroidManifest.xml:9:13-43
57            android:taskAffinity=""
57-->src\main\AndroidManifest.xml:10:13-36
58            android:theme="@style/LaunchTheme"
58-->src\main\AndroidManifest.xml:11:13-47
59            android:windowSoftInputMode="adjustResize" >
59-->src\main\AndroidManifest.xml:14:13-55
60
61            <!--
62                 Specifies an Android theme to apply to this Activity as soon as
63                 the Android process has started. This theme is visible to the user
64                 while the Flutter UI initializes. After that, this theme continues
65                 to determine the Window background behind the Flutter UI.
66            -->
67            <meta-data
67-->src\main\AndroidManifest.xml:19:13-22:17
68                android:name="io.flutter.embedding.android.NormalTheme"
68-->src\main\AndroidManifest.xml:20:15-70
69                android:resource="@style/NormalTheme" />
69-->src\main\AndroidManifest.xml:21:15-52
70
71            <intent-filter>
71-->src\main\AndroidManifest.xml:23:13-26:29
72                <action android:name="android.intent.action.MAIN" />
72-->src\main\AndroidManifest.xml:24:17-68
72-->src\main\AndroidManifest.xml:24:25-66
73
74                <category android:name="android.intent.category.LAUNCHER" />
74-->src\main\AndroidManifest.xml:25:17-76
74-->src\main\AndroidManifest.xml:25:27-74
75            </intent-filter>
76        </activity>
77        <!--
78             Don't delete the meta-data below.
79             This is used by the Flutter tool to generate GeneratedPluginRegistrant.java
80        -->
81        <meta-data
81-->src\main\AndroidManifest.xml:30:9-32:33
82            android:name="flutterEmbedding"
82-->src\main\AndroidManifest.xml:31:13-44
83            android:value="2" />
83-->src\main\AndroidManifest.xml:32:13-30
84
85        <service
85-->[:cloud_firestore] AndroidManifest.xml:8:9-12:19
86            android:name="com.google.firebase.components.ComponentDiscoveryService"
86-->[:cloud_firestore] AndroidManifest.xml:8:18-89
87            android:directBootAware="true"
87-->[com.google.firebase:firebase-common:21.0.0] AndroidManifest.xml:32:13-43
88            android:exported="false" >
88-->[com.google.firebase:firebase-firestore:25.1.1] AndroidManifest.xml:16:13-37
89            <meta-data
89-->[:cloud_firestore] AndroidManifest.xml:9:13-11:85
90                android:name="com.google.firebase.components:io.flutter.plugins.firebase.firestore.FlutterFirebaseFirestoreRegistrar"
90-->[:cloud_firestore] AndroidManifest.xml:10:17-134
91                android:value="com.google.firebase.components.ComponentRegistrar" />
91-->[:cloud_firestore] AndroidManifest.xml:11:17-82
92            <meta-data
92-->[:firebase_auth] AndroidManifest.xml:9:13-11:85
93                android:name="com.google.firebase.components:io.flutter.plugins.firebase.auth.FlutterFirebaseAuthRegistrar"
93-->[:firebase_auth] AndroidManifest.xml:10:17-124
94                android:value="com.google.firebase.components.ComponentRegistrar" />
94-->[:firebase_auth] AndroidManifest.xml:11:17-82
95            <meta-data
95-->[:firebase_messaging] AndroidManifest.xml:36:13-38:85
96                android:name="com.google.firebase.components:io.flutter.plugins.firebase.messaging.FlutterFirebaseAppRegistrar"
96-->[:firebase_messaging] AndroidManifest.xml:37:17-128
97                android:value="com.google.firebase.components.ComponentRegistrar" />
97-->[:firebase_messaging] AndroidManifest.xml:38:17-82
98            <meta-data
98-->[:firebase_storage] AndroidManifest.xml:9:13-11:85
99                android:name="com.google.firebase.components:io.flutter.plugins.firebase.storage.FlutterFirebaseAppRegistrar"
99-->[:firebase_storage] AndroidManifest.xml:10:17-126
100                android:value="com.google.firebase.components.ComponentRegistrar" />
100-->[:firebase_storage] AndroidManifest.xml:11:17-82
101            <meta-data
101-->[:firebase_core] AndroidManifest.xml:9:13-11:85
102                android:name="com.google.firebase.components:io.flutter.plugins.firebase.core.FlutterFirebaseCoreRegistrar"
102-->[:firebase_core] AndroidManifest.xml:10:17-124
103                android:value="com.google.firebase.components.ComponentRegistrar" />
103-->[:firebase_core] AndroidManifest.xml:11:17-82
104            <meta-data
104-->[com.google.firebase:firebase-firestore:25.1.1] AndroidManifest.xml:17:13-19:85
105                android:name="com.google.firebase.components:com.google.firebase.firestore.FirebaseFirestoreKtxRegistrar"
105-->[com.google.firebase:firebase-firestore:25.1.1] AndroidManifest.xml:18:17-122
106                android:value="com.google.firebase.components.ComponentRegistrar" />
106-->[com.google.firebase:firebase-firestore:25.1.1] AndroidManifest.xml:19:17-82
107            <meta-data
107-->[com.google.firebase:firebase-firestore:25.1.1] AndroidManifest.xml:20:13-22:85
108                android:name="com.google.firebase.components:com.google.firebase.firestore.FirestoreRegistrar"
108-->[com.google.firebase:firebase-firestore:25.1.1] AndroidManifest.xml:21:17-111
109                android:value="com.google.firebase.components.ComponentRegistrar" />
109-->[com.google.firebase:firebase-firestore:25.1.1] AndroidManifest.xml:22:17-82
110            <meta-data
110-->[com.google.firebase:firebase-auth:23.1.0] AndroidManifest.xml:69:13-71:85
111                android:name="com.google.firebase.components:com.google.firebase.auth.FirebaseAuthRegistrar"
111-->[com.google.firebase:firebase-auth:23.1.0] AndroidManifest.xml:70:17-109
112                android:value="com.google.firebase.components.ComponentRegistrar" />
112-->[com.google.firebase:firebase-auth:23.1.0] AndroidManifest.xml:71:17-82
113            <meta-data
113-->[com.google.firebase:firebase-messaging:24.1.0] AndroidManifest.xml:57:13-59:85
114                android:name="com.google.firebase.components:com.google.firebase.messaging.FirebaseMessagingKtxRegistrar"
114-->[com.google.firebase:firebase-messaging:24.1.0] AndroidManifest.xml:58:17-122
115                android:value="com.google.firebase.components.ComponentRegistrar" />
115-->[com.google.firebase:firebase-messaging:24.1.0] AndroidManifest.xml:59:17-82
116            <meta-data
116-->[com.google.firebase:firebase-messaging:24.1.0] AndroidManifest.xml:60:13-62:85
117                android:name="com.google.firebase.components:com.google.firebase.messaging.FirebaseMessagingRegistrar"
117-->[com.google.firebase:firebase-messaging:24.1.0] AndroidManifest.xml:61:17-119
118                android:value="com.google.firebase.components.ComponentRegistrar" />
118-->[com.google.firebase:firebase-messaging:24.1.0] AndroidManifest.xml:62:17-82
119            <meta-data
119-->[com.google.firebase:firebase-storage:21.0.1] AndroidManifest.xml:30:13-32:85
120                android:name="com.google.firebase.components:com.google.firebase.storage.FirebaseStorageKtxRegistrar"
120-->[com.google.firebase:firebase-storage:21.0.1] AndroidManifest.xml:31:17-118
121                android:value="com.google.firebase.components.ComponentRegistrar" />
121-->[com.google.firebase:firebase-storage:21.0.1] AndroidManifest.xml:32:17-82
122            <meta-data
122-->[com.google.firebase:firebase-storage:21.0.1] AndroidManifest.xml:33:13-35:85
123                android:name="com.google.firebase.components:com.google.firebase.storage.StorageRegistrar"
123-->[com.google.firebase:firebase-storage:21.0.1] AndroidManifest.xml:34:17-107
124                android:value="com.google.firebase.components.ComponentRegistrar" />
124-->[com.google.firebase:firebase-storage:21.0.1] AndroidManifest.xml:35:17-82
125            <meta-data
125-->[com.google.android.gms:play-services-measurement-api:22.1.2] AndroidManifest.xml:37:13-39:85
126                android:name="com.google.firebase.components:com.google.firebase.analytics.connector.internal.AnalyticsConnectorRegistrar"
126-->[com.google.android.gms:play-services-measurement-api:22.1.2] AndroidManifest.xml:38:17-139
127                android:value="com.google.firebase.components.ComponentRegistrar" />
127-->[com.google.android.gms:play-services-measurement-api:22.1.2] AndroidManifest.xml:39:17-82
128            <meta-data
128-->[com.google.firebase:firebase-installations:18.0.0] AndroidManifest.xml:15:13-17:85
129                android:name="com.google.firebase.components:com.google.firebase.installations.FirebaseInstallationsKtxRegistrar"
129-->[com.google.firebase:firebase-installations:18.0.0] AndroidManifest.xml:16:17-130
130                android:value="com.google.firebase.components.ComponentRegistrar" />
130-->[com.google.firebase:firebase-installations:18.0.0] AndroidManifest.xml:17:17-82
131            <meta-data
131-->[com.google.firebase:firebase-installations:18.0.0] AndroidManifest.xml:18:13-20:85
132                android:name="com.google.firebase.components:com.google.firebase.installations.FirebaseInstallationsRegistrar"
132-->[com.google.firebase:firebase-installations:18.0.0] AndroidManifest.xml:19:17-127
133                android:value="com.google.firebase.components.ComponentRegistrar" />
133-->[com.google.firebase:firebase-installations:18.0.0] AndroidManifest.xml:20:17-82
134            <meta-data
134-->[com.google.firebase:firebase-appcheck:18.0.0] AndroidManifest.xml:25:13-27:85
135                android:name="com.google.firebase.components:com.google.firebase.appcheck.FirebaseAppCheckKtxRegistrar"
135-->[com.google.firebase:firebase-appcheck:18.0.0] AndroidManifest.xml:26:17-120
136                android:value="com.google.firebase.components.ComponentRegistrar" />
136-->[com.google.firebase:firebase-appcheck:18.0.0] AndroidManifest.xml:27:17-82
137            <meta-data
137-->[com.google.firebase:firebase-appcheck:18.0.0] AndroidManifest.xml:28:13-30:85
138                android:name="com.google.firebase.components:com.google.firebase.appcheck.FirebaseAppCheckRegistrar"
138-->[com.google.firebase:firebase-appcheck:18.0.0] AndroidManifest.xml:29:17-117
139                android:value="com.google.firebase.components.ComponentRegistrar" />
139-->[com.google.firebase:firebase-appcheck:18.0.0] AndroidManifest.xml:30:17-82
140            <meta-data
140-->[com.google.firebase:firebase-common-ktx:21.0.0] AndroidManifest.xml:12:13-14:85
141                android:name="com.google.firebase.components:com.google.firebase.ktx.FirebaseCommonLegacyRegistrar"
141-->[com.google.firebase:firebase-common-ktx:21.0.0] AndroidManifest.xml:13:17-116
142                android:value="com.google.firebase.components.ComponentRegistrar" />
142-->[com.google.firebase:firebase-common-ktx:21.0.0] AndroidManifest.xml:14:17-82
143            <meta-data
143-->[com.google.firebase:firebase-common:21.0.0] AndroidManifest.xml:35:13-37:85
144                android:name="com.google.firebase.components:com.google.firebase.FirebaseCommonKtxRegistrar"
144-->[com.google.firebase:firebase-common:21.0.0] AndroidManifest.xml:36:17-109
145                android:value="com.google.firebase.components.ComponentRegistrar" />
145-->[com.google.firebase:firebase-common:21.0.0] AndroidManifest.xml:37:17-82
146            <meta-data
146-->[com.google.firebase:firebase-datatransport:18.2.0] AndroidManifest.xml:25:13-27:85
147                android:name="com.google.firebase.components:com.google.firebase.datatransport.TransportRegistrar"
147-->[com.google.firebase:firebase-datatransport:18.2.0] AndroidManifest.xml:26:17-115
148                android:value="com.google.firebase.components.ComponentRegistrar" />
148-->[com.google.firebase:firebase-datatransport:18.2.0] AndroidManifest.xml:27:17-82
149        </service>
150        <service
150-->[:firebase_messaging] AndroidManifest.xml:14:9-17:72
151            android:name="io.flutter.plugins.firebase.messaging.FlutterFirebaseMessagingBackgroundService"
151-->[:firebase_messaging] AndroidManifest.xml:15:13-107
152            android:exported="false"
152-->[:firebase_messaging] AndroidManifest.xml:16:13-37
153            android:permission="android.permission.BIND_JOB_SERVICE" />
153-->[:firebase_messaging] AndroidManifest.xml:17:13-69
154        <service
154-->[:firebase_messaging] AndroidManifest.xml:18:9-24:19
155            android:name="io.flutter.plugins.firebase.messaging.FlutterFirebaseMessagingService"
155-->[:firebase_messaging] AndroidManifest.xml:19:13-97
156            android:exported="false" >
156-->[:firebase_messaging] AndroidManifest.xml:20:13-37
157            <intent-filter>
157-->[:firebase_messaging] AndroidManifest.xml:21:13-23:29
158                <action android:name="com.google.firebase.MESSAGING_EVENT" />
158-->[:firebase_messaging] AndroidManifest.xml:22:17-78
158-->[:firebase_messaging] AndroidManifest.xml:22:25-75
159            </intent-filter>
160        </service>
161
162        <receiver
162-->[:firebase_messaging] AndroidManifest.xml:26:9-33:20
163            android:name="io.flutter.plugins.firebase.messaging.FlutterFirebaseMessagingReceiver"
163-->[:firebase_messaging] AndroidManifest.xml:27:13-98
164            android:exported="true"
164-->[:firebase_messaging] AndroidManifest.xml:28:13-36
165            android:permission="com.google.android.c2dm.permission.SEND" >
165-->[:firebase_messaging] AndroidManifest.xml:29:13-73
166            <intent-filter>
166-->[:firebase_messaging] AndroidManifest.xml:30:13-32:29
167                <action android:name="com.google.android.c2dm.intent.RECEIVE" />
167-->[:firebase_messaging] AndroidManifest.xml:31:17-81
167-->[:firebase_messaging] AndroidManifest.xml:31:25-78
168            </intent-filter>
169        </receiver>
170
171        <provider
171-->[:firebase_messaging] AndroidManifest.xml:41:9-45:38
172            android:name="io.flutter.plugins.firebase.messaging.FlutterFirebaseMessagingInitProvider"
172-->[:firebase_messaging] AndroidManifest.xml:42:13-102
173            android:authorities="com.pengenalanprofesi.app.flutterfirebasemessaginginitprovider"
173-->[:firebase_messaging] AndroidManifest.xml:43:13-88
174            android:exported="false"
174-->[:firebase_messaging] AndroidManifest.xml:44:13-37
175            android:initOrder="99" />
175-->[:firebase_messaging] AndroidManifest.xml:45:13-35
176
177        <activity
177-->[:flutter_inappwebview_android] AndroidManifest.xml:14:9-18:47
178            android:name="com.pichillilorenzo.flutter_inappwebview_android.in_app_browser.InAppBrowserActivity"
178-->[:flutter_inappwebview_android] AndroidManifest.xml:15:13-112
179            android:configChanges="orientation|keyboardHidden|keyboard|screenSize|locale|layoutDirection|fontScale|screenLayout|density"
179-->[:flutter_inappwebview_android] AndroidManifest.xml:16:13-137
180            android:exported="false"
180-->[:flutter_inappwebview_android] AndroidManifest.xml:17:13-37
181            android:theme="@style/AppTheme" />
181-->[:flutter_inappwebview_android] AndroidManifest.xml:18:13-44
182        <activity
182-->[:flutter_inappwebview_android] AndroidManifest.xml:19:9-22:55
183            android:name="com.pichillilorenzo.flutter_inappwebview_android.chrome_custom_tabs.ChromeCustomTabsActivity"
183-->[:flutter_inappwebview_android] AndroidManifest.xml:20:13-120
184            android:exported="false"
184-->[:flutter_inappwebview_android] AndroidManifest.xml:21:13-37
185            android:theme="@style/ThemeTransparent" />
185-->[:flutter_inappwebview_android] AndroidManifest.xml:22:13-52
186        <activity
186-->[:flutter_inappwebview_android] AndroidManifest.xml:23:9-26:55
187            android:name="com.pichillilorenzo.flutter_inappwebview_android.chrome_custom_tabs.TrustedWebActivity"
187-->[:flutter_inappwebview_android] AndroidManifest.xml:24:13-114
188            android:exported="false"
188-->[:flutter_inappwebview_android] AndroidManifest.xml:25:13-37
189            android:theme="@style/ThemeTransparent" />
189-->[:flutter_inappwebview_android] AndroidManifest.xml:26:13-52
190        <activity
190-->[:flutter_inappwebview_android] AndroidManifest.xml:27:9-31:55
191            android:name="com.pichillilorenzo.flutter_inappwebview_android.chrome_custom_tabs.ChromeCustomTabsActivitySingleInstance"
191-->[:flutter_inappwebview_android] AndroidManifest.xml:28:13-134
192            android:exported="false"
192-->[:flutter_inappwebview_android] AndroidManifest.xml:29:13-37
193            android:launchMode="singleInstance"
193-->[:flutter_inappwebview_android] AndroidManifest.xml:30:13-48
194            android:theme="@style/ThemeTransparent" />
194-->[:flutter_inappwebview_android] AndroidManifest.xml:31:13-52
195        <activity
195-->[:flutter_inappwebview_android] AndroidManifest.xml:32:9-36:55
196            android:name="com.pichillilorenzo.flutter_inappwebview_android.chrome_custom_tabs.TrustedWebActivitySingleInstance"
196-->[:flutter_inappwebview_android] AndroidManifest.xml:33:13-128
197            android:exported="false"
197-->[:flutter_inappwebview_android] AndroidManifest.xml:34:13-37
198            android:launchMode="singleInstance"
198-->[:flutter_inappwebview_android] AndroidManifest.xml:35:13-48
199            android:theme="@style/ThemeTransparent" />
199-->[:flutter_inappwebview_android] AndroidManifest.xml:36:13-52
200
201        <receiver
201-->[:flutter_inappwebview_android] AndroidManifest.xml:38:9-41:40
202            android:name="com.pichillilorenzo.flutter_inappwebview_android.chrome_custom_tabs.ActionBroadcastReceiver"
202-->[:flutter_inappwebview_android] AndroidManifest.xml:39:13-119
203            android:enabled="true"
203-->[:flutter_inappwebview_android] AndroidManifest.xml:40:13-35
204            android:exported="false" />
204-->[:flutter_inappwebview_android] AndroidManifest.xml:41:13-37
205
206        <meta-data
206-->[:flutter_inappwebview_android] AndroidManifest.xml:43:9-45:36
207            android:name="io.flutter.embedded_views_preview"
207-->[:flutter_inappwebview_android] AndroidManifest.xml:44:13-61
208            android:value="true" />
208-->[:flutter_inappwebview_android] AndroidManifest.xml:45:13-33
209
210        <activity
210-->[:url_launcher_android] AndroidManifest.xml:8:9-11:74
211            android:name="io.flutter.plugins.urllauncher.WebViewActivity"
211-->[:url_launcher_android] AndroidManifest.xml:9:13-74
212            android:exported="false"
212-->[:url_launcher_android] AndroidManifest.xml:10:13-37
213            android:theme="@android:style/Theme.NoTitleBar.Fullscreen" />
213-->[:url_launcher_android] AndroidManifest.xml:11:13-71
214        <activity
214-->[com.google.firebase:firebase-auth:23.1.0] AndroidManifest.xml:29:9-46:20
215            android:name="com.google.firebase.auth.internal.GenericIdpActivity"
215-->[com.google.firebase:firebase-auth:23.1.0] AndroidManifest.xml:30:13-80
216            android:excludeFromRecents="true"
216-->[com.google.firebase:firebase-auth:23.1.0] AndroidManifest.xml:31:13-46
217            android:exported="true"
217-->[com.google.firebase:firebase-auth:23.1.0] AndroidManifest.xml:32:13-36
218            android:launchMode="singleTask"
218-->[com.google.firebase:firebase-auth:23.1.0] AndroidManifest.xml:33:13-44
219            android:theme="@android:style/Theme.Translucent.NoTitleBar" >
219-->[com.google.firebase:firebase-auth:23.1.0] AndroidManifest.xml:34:13-72
220            <intent-filter>
220-->[com.google.firebase:firebase-auth:23.1.0] AndroidManifest.xml:35:13-45:29
221                <action android:name="android.intent.action.VIEW" />
221-->[com.google.firebase:firebase-auth:23.1.0] AndroidManifest.xml:36:17-69
221-->[com.google.firebase:firebase-auth:23.1.0] AndroidManifest.xml:36:25-66
222
223                <category android:name="android.intent.category.DEFAULT" />
223-->[com.google.firebase:firebase-auth:23.1.0] AndroidManifest.xml:38:17-76
223-->[com.google.firebase:firebase-auth:23.1.0] AndroidManifest.xml:38:27-73
224                <category android:name="android.intent.category.BROWSABLE" />
224-->[com.google.firebase:firebase-auth:23.1.0] AndroidManifest.xml:39:17-78
224-->[com.google.firebase:firebase-auth:23.1.0] AndroidManifest.xml:39:27-75
225
226                <data
226-->src\main\AndroidManifest.xml:42:13-50
227                    android:host="firebase.auth"
228                    android:path="/"
229                    android:scheme="genericidp" />
230            </intent-filter>
231        </activity>
232        <activity
232-->[com.google.firebase:firebase-auth:23.1.0] AndroidManifest.xml:47:9-64:20
233            android:name="com.google.firebase.auth.internal.RecaptchaActivity"
233-->[com.google.firebase:firebase-auth:23.1.0] AndroidManifest.xml:48:13-79
234            android:excludeFromRecents="true"
234-->[com.google.firebase:firebase-auth:23.1.0] AndroidManifest.xml:49:13-46
235            android:exported="true"
235-->[com.google.firebase:firebase-auth:23.1.0] AndroidManifest.xml:50:13-36
236            android:launchMode="singleTask"
236-->[com.google.firebase:firebase-auth:23.1.0] AndroidManifest.xml:51:13-44
237            android:theme="@android:style/Theme.Translucent.NoTitleBar" >
237-->[com.google.firebase:firebase-auth:23.1.0] AndroidManifest.xml:52:13-72
238            <intent-filter>
238-->[com.google.firebase:firebase-auth:23.1.0] AndroidManifest.xml:53:13-63:29
239                <action android:name="android.intent.action.VIEW" />
239-->[com.google.firebase:firebase-auth:23.1.0] AndroidManifest.xml:36:17-69
239-->[com.google.firebase:firebase-auth:23.1.0] AndroidManifest.xml:36:25-66
240
241                <category android:name="android.intent.category.DEFAULT" />
241-->[com.google.firebase:firebase-auth:23.1.0] AndroidManifest.xml:38:17-76
241-->[com.google.firebase:firebase-auth:23.1.0] AndroidManifest.xml:38:27-73
242                <category android:name="android.intent.category.BROWSABLE" />
242-->[com.google.firebase:firebase-auth:23.1.0] AndroidManifest.xml:39:17-78
242-->[com.google.firebase:firebase-auth:23.1.0] AndroidManifest.xml:39:27-75
243
244                <data
244-->src\main\AndroidManifest.xml:42:13-50
245                    android:host="firebase.auth"
246                    android:path="/"
247                    android:scheme="recaptcha" />
248            </intent-filter>
249        </activity>
250
251        <receiver
251-->[com.google.firebase:firebase-messaging:24.1.0] AndroidManifest.xml:29:9-40:20
252            android:name="com.google.firebase.iid.FirebaseInstanceIdReceiver"
252-->[com.google.firebase:firebase-messaging:24.1.0] AndroidManifest.xml:30:13-78
253            android:exported="true"
253-->[com.google.firebase:firebase-messaging:24.1.0] AndroidManifest.xml:31:13-36
254            android:permission="com.google.android.c2dm.permission.SEND" >
254-->[com.google.firebase:firebase-messaging:24.1.0] AndroidManifest.xml:32:13-73
255            <intent-filter>
255-->[:firebase_messaging] AndroidManifest.xml:30:13-32:29
256                <action android:name="com.google.android.c2dm.intent.RECEIVE" />
256-->[:firebase_messaging] AndroidManifest.xml:31:17-81
256-->[:firebase_messaging] AndroidManifest.xml:31:25-78
257            </intent-filter>
258
259            <meta-data
259-->[com.google.firebase:firebase-messaging:24.1.0] AndroidManifest.xml:37:13-39:40
260                android:name="com.google.android.gms.cloudmessaging.FINISHED_AFTER_HANDLED"
260-->[com.google.firebase:firebase-messaging:24.1.0] AndroidManifest.xml:38:17-92
261                android:value="true" />
261-->[com.google.firebase:firebase-messaging:24.1.0] AndroidManifest.xml:39:17-37
262        </receiver>
263        <!--
264             FirebaseMessagingService performs security checks at runtime,
265             but set to not exported to explicitly avoid allowing another app to call it.
266        -->
267        <service
267-->[com.google.firebase:firebase-messaging:24.1.0] AndroidManifest.xml:46:9-53:19
268            android:name="com.google.firebase.messaging.FirebaseMessagingService"
268-->[com.google.firebase:firebase-messaging:24.1.0] AndroidManifest.xml:47:13-82
269            android:directBootAware="true"
269-->[com.google.firebase:firebase-messaging:24.1.0] AndroidManifest.xml:48:13-43
270            android:exported="false" >